<?xml version="1.0" encoding="UTF-8"?>
<!-- Generated by org.testng.reporters.JUnitXMLReporter -->
<testsuite ignored="0" hostname="DESKTOP-EIN1GKN" failures="0" tests="2" name="BankingApp Test" time="18.864" errors="0" timestamp="2022-11-19T11:10:49 IST">
  <testcase classname="com.inetBanking_v11.testCases.TC_LoginTest_001" name="getListMenu" time="0.06"/>
  <testcase classname="com.inetBanking_v11.testCases.TC_LoginTest_001" name="loginTest" time="15.206"/>
</testsuite> <!-- BankingApp Test -->
