<?xml version="1.0" encoding="UTF-8"?>
<!-- Generated by org.testng.reporters.JUnitXMLReporter -->
<testsuite ignored="0" hostname="DESKTOP-EIN1GKN" failures="0" tests="2" name="BankingApp Test" time="19.625" errors="0" timestamp="2022-11-27T22:00:43 IST">
  <testcase classname="com.inetBanking_v11.testCases.TC_LoginTest_001" name="getListMenu" time="0.063"/>
  <testcase classname="com.inetBanking_v11.testCases.TC_LoginTest_001" name="loginTest" time="14.87"/>
</testsuite> <!-- BankingApp Test -->
