<?xml version="1.0" encoding="UTF-8"?>
<testng-results ignored="0" total="2" passed="2" failed="0" skipped="0">
  <reporter-output>
  </reporter-output>
  <suite started-at="2022-11-28T11:50:38 IST" name="InetBankingV11" finished-at="2022-11-28T11:51:04 IST" duration-ms="25231">
    <groups>
    </groups>
    <test started-at="2022-11-28T11:50:38 IST" name="BankingApp Test" finished-at="2022-11-28T11:51:04 IST" duration-ms="25231">
      <class name="com.inetBanking_v11.testCases.TC_LoginTest_001">
        <test-method is-config="true" signature="setUp(java.lang.String)[pri:0, instance:com.inetBanking_v11.testCases.TC_LoginTest_001@34f5090e]" started-at="2022-11-28T11:50:39 IST" name="setUp" finished-at="2022-11-28T11:50:48 IST" duration-ms="9111" status="PASS">
          <params>
            <param index="0">
              <value>
                <![CDATA[chrome]]>
              </value>
            </param>
          </params>
          <reporter-output>
          </reporter-output>
        </test-method> <!-- setUp -->
        <test-method signature="getListMenu()[pri:0, instance:com.inetBanking_v11.testCases.TC_LoginTest_001@34f5090e]" started-at="2022-11-28T11:50:48 IST" name="getListMenu" finished-at="2022-11-28T11:50:48 IST" duration-ms="201" status="PASS">
          <reporter-output>
          </reporter-output>
        </test-method> <!-- getListMenu -->
        <test-method signature="loginTest()[pri:0, instance:com.inetBanking_v11.testCases.TC_LoginTest_001@34f5090e]" started-at="2022-11-28T11:50:48 IST" name="loginTest" finished-at="2022-11-28T11:51:03 IST" duration-ms="15355" status="PASS">
          <reporter-output>
          </reporter-output>
        </test-method> <!-- loginTest -->
        <test-method is-config="true" signature="tearDown()[pri:0, instance:com.inetBanking_v11.testCases.TC_LoginTest_001@34f5090e]" started-at="2022-11-28T11:51:03 IST" name="tearDown" finished-at="2022-11-28T11:51:04 IST" duration-ms="315" status="PASS">
          <reporter-output>
          </reporter-output>
        </test-method> <!-- tearDown -->
      </class> <!-- com.inetBanking_v11.testCases.TC_LoginTest_001 -->
    </test> <!-- BankingApp Test -->
  </suite> <!-- InetBankingV11 -->
</testng-results>
