<?xml version="1.0" encoding="UTF-8"?>
<testsuite xmlns:xsi="http://www.w3.org/2001/XMLSchema-instance" xsi:noNamespaceSchemaLocation="https://maven.apache.org/surefire/maven-surefire-plugin/xsd/surefire-test-report-3.0.xsd" version="3.0" name="TestSuite" time="27.663" tests="2" errors="0" skipped="0" failures="0">
  <properties>
[...]
</properties>
  <testcase name="getListMenu" classname="com.inetBanking_v11.testCases.TC_LoginTest_001" time="0.223">
    <system-out><![CDATA[11-28-2022 11:50:39 InternalLoggerFactory.java DEBUG [TestNG-test=BankingApp Test-2] logging.InternalLoggerFactory 89 - Using Log4J as the default logging framework
11-28-2022 11:50:39 ResourceLeakDetector.java DEBUG [TestNG-test=BankingApp Test-2] util.ResourceLeakDetector 129 - -Dio.netty.leakDetection.level: simple
11-28-2022 11:50:39 ResourceLeakDetector.java DEBUG [TestNG-test=BankingApp Test-2] util.ResourceLeakDetector 130 - -Dio.netty.leakDetection.targetRecords: 4
11-28-2022 11:50:39 ResourceLeakDetectorFactory.java DEBUG [TestNG-test=BankingApp Test-2] util.ResourceLeakDetectorFactory 196 - Loaded default ResourceLeakDetector: io.netty.util.ResourceLeakDetector@7e1fab19
11-28-2022 11:50:39 PlatformDependent0.java DEBUG [TestNG-test=BankingApp Test-2] internal.PlatformDependent0 460 - -Dio.netty.noUnsafe: false
11-28-2022 11:50:39 PlatformDependent0.java DEBUG [TestNG-test=BankingApp Test-2] internal.PlatformDependent0 954 - Java version: 11
11-28-2022 11:50:39 PlatformDependent0.java DEBUG [TestNG-test=BankingApp Test-2] internal.PlatformDependent0 135 - sun.misc.Unsafe.theUnsafe: available
11-28-2022 11:50:39 PlatformDependent0.java DEBUG [TestNG-test=BankingApp Test-2] internal.PlatformDependent0 159 - sun.misc.Unsafe.copyMemory: available
11-28-2022 11:50:39 PlatformDependent0.java DEBUG [TestNG-test=BankingApp Test-2] internal.PlatformDependent0 202 - java.nio.Buffer.address: available
11-28-2022 11:50:39 PlatformDependent0.java DEBUG [TestNG-test=BankingApp Test-2] internal.PlatformDependent0 285 - direct buffer constructor: unavailable: Reflective setAccessible(true) disabled
11-28-2022 11:50:39 PlatformDependent0.java DEBUG [TestNG-test=BankingApp Test-2] internal.PlatformDependent0 350 - java.nio.Bits.unaligned: available, true
11-28-2022 11:50:39 PlatformDependent0.java DEBUG [TestNG-test=BankingApp Test-2] internal.PlatformDependent0 417 - jdk.internal.misc.Unsafe.allocateUninitializedArray(int): unavailable: class io.netty.util.internal.PlatformDependent0$6 cannot access class jdk.internal.misc.Unsafe (in module java.base) because module java.base does not export jdk.internal.misc to unnamed module @773efe8e
11-28-2022 11:50:39 PlatformDependent0.java DEBUG [TestNG-test=BankingApp Test-2] internal.PlatformDependent0 446 - java.nio.DirectByteBuffer.<init>(long, int): unavailable
11-28-2022 11:50:39 PlatformDependent.java DEBUG [TestNG-test=BankingApp Test-2] internal.PlatformDependent 1103 - sun.misc.Unsafe: available
11-28-2022 11:50:39 PlatformDependent.java DEBUG [TestNG-test=BankingApp Test-2] internal.PlatformDependent 1205 - maxDirectMemory: 2124414976 bytes (maybe)
11-28-2022 11:50:39 PlatformDependent.java DEBUG [TestNG-test=BankingApp Test-2] internal.PlatformDependent 1224 - -Dio.netty.tmpdir: C:\Windows\TEMP (java.io.tmpdir)
11-28-2022 11:50:39 PlatformDependent.java DEBUG [TestNG-test=BankingApp Test-2] internal.PlatformDependent 1303 - -Dio.netty.bitMode: 64 (sun.arch.data.model)
11-28-2022 11:50:39 PlatformDependent.java DEBUG [TestNG-test=BankingApp Test-2] internal.PlatformDependent 1063 - Platform: Windows
11-28-2022 11:50:39 PlatformDependent.java DEBUG [TestNG-test=BankingApp Test-2] internal.PlatformDependent 178 - -Dio.netty.maxDirectMemory: -1 bytes
11-28-2022 11:50:39 PlatformDependent.java DEBUG [TestNG-test=BankingApp Test-2] internal.PlatformDependent 185 - -Dio.netty.uninitializedArrayAllocationThreshold: -1
11-28-2022 11:50:40 CleanerJava9.java DEBUG [TestNG-test=BankingApp Test-2] internal.CleanerJava9 71 - java.nio.ByteBuffer.cleaner(): available
11-28-2022 11:50:40 PlatformDependent.java DEBUG [TestNG-test=BankingApp Test-2] internal.PlatformDependent 205 - -Dio.netty.noPreferDirect: false
11-28-2022 11:50:40 PlatformDependent.java DEBUG [TestNG-test=BankingApp Test-2] internal.PlatformDependent 967 - org.jctools-core.MpscChunkedArrayQueue: available
11-28-2022 11:50:40 InternalThreadLocalMap.java DEBUG [TestNG-test=BankingApp Test-2] internal.InternalThreadLocalMap 83 - -Dio.netty.threadLocalMap.stringBuilder.initialSize: 1024
11-28-2022 11:50:40 InternalThreadLocalMap.java DEBUG [TestNG-test=BankingApp Test-2] internal.InternalThreadLocalMap 86 - -Dio.netty.threadLocalMap.stringBuilder.maxSize: 4096
11-28-2022 11:50:40 JdkSslContext.java DEBUG [TestNG-test=BankingApp Test-2] ssl.JdkSslContext 97 - Default protocols (JDK): [TLSv1.3, TLSv1.2] 
11-28-2022 11:50:40 JdkSslContext.java DEBUG [TestNG-test=BankingApp Test-2] ssl.JdkSslContext 98 - Default cipher suites (JDK): [TLS_ECDHE_ECDSA_WITH_AES_256_GCM_SHA384, TLS_ECDHE_ECDSA_WITH_AES_128_GCM_SHA256, TLS_ECDHE_RSA_WITH_AES_128_GCM_SHA256, TLS_ECDHE_RSA_WITH_AES_256_GCM_SHA384, TLS_ECDHE_RSA_WITH_AES_128_CBC_SHA, TLS_ECDHE_RSA_WITH_AES_256_CBC_SHA, TLS_RSA_WITH_AES_128_GCM_SHA256, TLS_RSA_WITH_AES_128_CBC_SHA, TLS_RSA_WITH_AES_256_CBC_SHA, TLS_AES_128_GCM_SHA256, TLS_AES_256_GCM_SHA384]
11-28-2022 11:50:40 MultithreadEventLoopGroup.java DEBUG [TestNG-test=BankingApp Test-2] channel.MultithreadEventLoopGroup 44 - -Dio.netty.eventLoopThreads: 8
11-28-2022 11:50:40 NioEventLoop.java DEBUG [TestNG-test=BankingApp Test-2] nio.NioEventLoop 106 - -Dio.netty.noKeySetOptimization: false
11-28-2022 11:50:40 NioEventLoop.java DEBUG [TestNG-test=BankingApp Test-2] nio.NioEventLoop 107 - -Dio.netty.selectorAutoRebuildThreshold: 512
11-28-2022 11:50:40 PooledByteBufAllocator.java DEBUG [TestNG-test=BankingApp Test-2] buffer.PooledByteBufAllocator 155 - -Dio.netty.allocator.numHeapArenas: 8
11-28-2022 11:50:40 PooledByteBufAllocator.java DEBUG [TestNG-test=BankingApp Test-2] buffer.PooledByteBufAllocator 156 - -Dio.netty.allocator.numDirectArenas: 8
11-28-2022 11:50:40 PooledByteBufAllocator.java DEBUG [TestNG-test=BankingApp Test-2] buffer.PooledByteBufAllocator 158 - -Dio.netty.allocator.pageSize: 8192
11-28-2022 11:50:40 PooledByteBufAllocator.java DEBUG [TestNG-test=BankingApp Test-2] buffer.PooledByteBufAllocator 163 - -Dio.netty.allocator.maxOrder: 11
11-28-2022 11:50:41 PooledByteBufAllocator.java DEBUG [TestNG-test=BankingApp Test-2] buffer.PooledByteBufAllocator 167 - -Dio.netty.allocator.chunkSize: 16777216
11-28-2022 11:50:41 PooledByteBufAllocator.java DEBUG [TestNG-test=BankingApp Test-2] buffer.PooledByteBufAllocator 168 - -Dio.netty.allocator.smallCacheSize: 256
11-28-2022 11:50:41 PooledByteBufAllocator.java DEBUG [TestNG-test=BankingApp Test-2] buffer.PooledByteBufAllocator 169 - -Dio.netty.allocator.normalCacheSize: 64
11-28-2022 11:50:41 PooledByteBufAllocator.java DEBUG [TestNG-test=BankingApp Test-2] buffer.PooledByteBufAllocator 170 - -Dio.netty.allocator.maxCachedBufferCapacity: 32768
11-28-2022 11:50:41 PooledByteBufAllocator.java DEBUG [TestNG-test=BankingApp Test-2] buffer.PooledByteBufAllocator 171 - -Dio.netty.allocator.cacheTrimInterval: 8192
11-28-2022 11:50:41 PooledByteBufAllocator.java DEBUG [TestNG-test=BankingApp Test-2] buffer.PooledByteBufAllocator 172 - -Dio.netty.allocator.cacheTrimIntervalMillis: 0
11-28-2022 11:50:41 PooledByteBufAllocator.java DEBUG [TestNG-test=BankingApp Test-2] buffer.PooledByteBufAllocator 173 - -Dio.netty.allocator.useCacheForAllThreads: true
11-28-2022 11:50:41 PooledByteBufAllocator.java DEBUG [TestNG-test=BankingApp Test-2] buffer.PooledByteBufAllocator 174 - -Dio.netty.allocator.maxCachedByteBuffersPerChunk: 1023
11-28-2022 11:50:41 ByteBufUtil.java DEBUG [TestNG-test=BankingApp Test-2] buffer.ByteBufUtil 87 - -Dio.netty.allocator.type: pooled
11-28-2022 11:50:41 ByteBufUtil.java DEBUG [TestNG-test=BankingApp Test-2] buffer.ByteBufUtil 96 - -Dio.netty.threadLocalDirectBufferSize: 0
11-28-2022 11:50:41 ByteBufUtil.java DEBUG [TestNG-test=BankingApp Test-2] buffer.ByteBufUtil 99 - -Dio.netty.maxThreadLocalCharBufferSize: 16384
11-28-2022 11:50:42 DefaultChannelId.java DEBUG [Forwarding newSession on session null to remote] channel.DefaultChannelId 79 - -Dio.netty.processId: 3260 (auto-detected)
11-28-2022 11:50:42 NetUtil.java DEBUG [Forwarding newSession on session null to remote] util.NetUtil 135 - -Djava.net.preferIPv4Stack: false
11-28-2022 11:50:42 NetUtil.java DEBUG [Forwarding newSession on session null to remote] util.NetUtil 136 - -Djava.net.preferIPv6Addresses: false
11-28-2022 11:50:43 NetUtilInitializations.java DEBUG [Forwarding newSession on session null to remote] util.NetUtilInitializations 129 - Loopback interface: lo (Software Loopback Interface 1, 127.0.0.1)
11-28-2022 11:50:43 NetUtil.java DEBUG [Forwarding newSession on session null to remote] util.NetUtil 187 - Failed to get SOMAXCONN from sysctl and file \proc\sys\net\core\somaxconn. Default: 200
11-28-2022 11:50:43 DefaultChannelId.java DEBUG [Forwarding newSession on session null to remote] channel.DefaultChannelId 101 - -Dio.netty.machineId: d8:fc:93:ff:fe:b5:f5:e5 (auto-detected)
11-28-2022 11:50:44 AbstractByteBuf.java DEBUG [AsyncHttpClient-1-2] buffer.AbstractByteBuf 63 - -Dio.netty.buffer.checkAccessible: true
11-28-2022 11:50:44 AbstractByteBuf.java DEBUG [AsyncHttpClient-1-2] buffer.AbstractByteBuf 64 - -Dio.netty.buffer.checkBounds: true
11-28-2022 11:50:44 ResourceLeakDetectorFactory.java DEBUG [AsyncHttpClient-1-2] util.ResourceLeakDetectorFactory 196 - Loaded default ResourceLeakDetector: io.netty.util.ResourceLeakDetector@75f597da
11-28-2022 11:50:44 Recycler.java DEBUG [AsyncHttpClient-1-2] util.Recycler 103 - -Dio.netty.recycler.maxCapacityPerThread: 4096
11-28-2022 11:50:44 Recycler.java DEBUG [AsyncHttpClient-1-2] util.Recycler 104 - -Dio.netty.recycler.maxSharedCapacityFactor: 2
11-28-2022 11:50:44 Recycler.java DEBUG [AsyncHttpClient-1-2] util.Recycler 105 - -Dio.netty.recycler.linkCapacity: 16
11-28-2022 11:50:44 Recycler.java DEBUG [AsyncHttpClient-1-2] util.Recycler 106 - -Dio.netty.recycler.ratio: 8
11-28-2022 11:50:44 Recycler.java DEBUG [AsyncHttpClient-1-2] util.Recycler 107 - -Dio.netty.recycler.delayedQueue.ratio: 8
11-28-2022 11:50:47 Brotli.java DEBUG [AsyncHttpClient-1-2] compression.Brotli 38 - brotli4j not in the classpath; Brotli support will be unavailable.
11-28-2022 11:50:48 ThreadLocalRandom.java DEBUG [TestNG-test=BankingApp Test-2] internal.ThreadLocalRandom 214 - -Dio.netty.initialSeedUniquifier: 0xce30df92e7db08df
]]></system-out>
    <system-err><![CDATA[SLF4J: Failed to load class "org.slf4j.impl.StaticLoggerBinder".
SLF4J: Defaulting to no-operation (NOP) logger implementation
SLF4J: See http://www.slf4j.org/codes.html#StaticLoggerBinder for further details.
Starting ChromeDriver 107.0.5304.62 (1eec40d3a5764881c92085aaee66d25075c159aa-refs/branch-heads/5304@{#942}) on port 61444
Only local connections are allowed.
Please see https://chromedriver.chromium.org/security-considerations for suggestions on keeping ChromeDriver safe.
ChromeDriver was started successfully.
Nov 28, 2022 11:50:47 AM org.openqa.selenium.remote.ProtocolHandshake createSession
INFO: Detected dialect: W3C
Nov 28, 2022 11:50:48 AM org.openqa.selenium.devtools.CdpVersionFinder findNearestMatch
WARNING: Unable to find an exact match for CDP version 107, so returning the closest version found: a no-op implementation
Nov 28, 2022 11:50:48 AM org.openqa.selenium.devtools.CdpVersionFinder findNearestMatch
INFO: Unable to find CDP implementation matching 107.
Nov 28, 2022 11:50:48 AM org.openqa.selenium.chromium.ChromiumDriver lambda$new$3
WARNING: Unable to find version of CDP to use for . You may need to include a dependency on a specific version of the CDP using something similar to `org.seleniumhq.selenium:selenium-devtools-v86:4.1.1` where the version ("v86") matches the version of the chromium-based browser you're using and the version number of the artifact is the same as Selenium's.
]]></system-err>
  </testcase>
  <testcase name="loginTest" classname="com.inetBanking_v11.testCases.TC_LoginTest_001" time="15.355">
    <system-out><![CDATA[11-28-2022 11:50:56 TC_LoginTest_001.java INFO  [TestNG-test=BankingApp Test-2] ebanking 21 - URL is opened
11-28-2022 11:50:56 TC_LoginTest_001.java INFO  [TestNG-test=BankingApp Test-2] ebanking 26 - Password is entered
Guru99 Bank Manager HomePage
11-28-2022 11:51:03 TC_LoginTest_001.java INFO  [TestNG-test=BankingApp Test-2] ebanking 34 - Login is pass - test
]]></system-out>
  </testcase>
</testsuite>